[    1327ms] [WARNING] Clerk: Clerk has been loaded with development keys. Development instances have strict usage limits and should not be used when deploying your application to production. Learn more: https://clerk.com/docs/deployments/overview @ http://localhost:3000/_next/static/chunks/0z6o_next_dist_0hleq62._.js:2431
[    1633ms] Error: [CONVEX Q(users:listUsers)] [Request ID: 4290c0bf9341071c] Server Error
Uncaught Error: UNAUTHORIZED
    at handler (../convex/users.ts:12:33)

  Called by client
    at handler (../convex/users.ts:12:33)

  Called by client
    at OptimisticQueryResults.queryResult (http://localhost:3000/_next/static/chunks/0z6o_convex_dist_esm_0zgvmkv._.js:2697:19)
    at BaseConvexClient.localQueryResult (http://localhost:3000/_next/static/chunks/0z6o_convex_dist_esm_0zgvmkv._.js:4559:44)
    at Object.localQueryResult (http://localhost:3000/_next/static/chunks/0z6o_convex_dist_esm_0zgvmkv._.js:6534:44)
    at QueriesObserver.getLocalResults (http://localhost:3000/_next/static/chunks/0z6o_convex_dist_esm_0zgvmkv._.js:6091:31)
    at useQueriesHelper.useMemo[subscription] (http://localhost:3000/_next/static/chunks/0z6o_convex_dist_esm_0zgvmkv._.js:6294:41)
    at useSubscription.useEffect.checkForUpdates (http://localhost:3000/_next/static/chunks/0z6o_convex_dist_esm_0zgvmkv._.js:6206:43)
    at basicStateReducer (http://localhost:3000/_next/static/chunks/0z6o_next_dist_compiled_react-dom_0vxm0w1._.js:4797:47)
    at updateReducerImpl (http://localhost:3000/_next/static/chunks/0z6o_next_dist_compiled_react-dom_0vxm0w1._.js:4879:79)
    at updateReducer (http://localhost:3000/_next/static/chunks/0z6o_next_dist_compiled_react-dom_0vxm0w1._.js:4829:16)
    at Object.useState (http://localhost:3000/_next/static/chunks/0z6o_next_dist_compiled_react-dom_0vxm0w1._.js:15492:24)
    at exports.useState (http://localhost:3000/_next/static/chunks/0z6o_next_dist_compiled_0_huknb._.js:1754:36)
    at useSubscription (http://localhost:3000/_next/static/chunks/0z6o_convex_dist_esm_0zgvmkv._.js:6177:228)
    at useQueriesHelper (http://localhost:3000/_next/static/chunks/0z6o_convex_dist_esm_0zgvmkv._.js:6308:224)
    at useQueries (http://localhost:3000/_next/static/chunks/0z6o_convex_dist_esm_0zgvmkv._.js:6274:12)
    at useQuery (http://localhost:3000/_next/static/chunks/0z6o_convex_dist_esm_0zgvmkv._.js:6771:223)
    at AppSidebar (http://localhost:3000/_next/static/chunks/grant-management_0t1sh65._.js:1508:219)
    at Object.react_stack_bottom_frame (http://localhost:3000/_next/static/chunks/0z6o_next_dist_compiled_react-dom_0vxm0w1._.js:15037:24)
    at renderWithHooks (http://localhost:3000/_next/static/chunks/0z6o_next_dist_compiled_react-dom_0vxm0w1._.js:4620:24)
    at updateFunctionComponent (http://localhost:3000/_next/static/chunks/0z6o_next_dist_compiled_react-dom_0vxm0w1._.js:6081:21)
    at beginWork (http://localhost:3000/_next/static/chunks/0z6o_next_dist_compiled_react-dom_0vxm0w1._.js:6691:24)
    at runWithFiberInDEV (http://localhost:3000/_next/static/chunks/0z6o_next_dist_compiled_react-dom_0vxm0w1._.js:965:74)
    at performUnitOfWork (http://localhost:3000/_next/static/chunks/0z6o_next_dist_compiled_react-dom_0vxm0w1._.js:9555:97)
    at workLoopSync (http://localhost:3000/_next/static/chunks/0z6o_next_dist_compiled_react-dom_0vxm0w1._.js:9449:40)
    at renderRootSync (http://localhost:3000/_next/static/chunks/0z6o_next_dist_compiled_react-dom_0vxm0w1._.js:9433:13)
    at performWorkOnRoot (http://localhost:3000/_next/static/chunks/0z6o_next_dist_compiled_react-dom_0vxm0w1._.js:9098:47)
    at performWorkOnRootViaSchedulerTask (http://localhost:3000/_next/static/chunks/0z6o_next_dist_compiled_react-dom_0vxm0w1._.js:10255:9)
    at MessagePort.performWorkUntilDeadline (http://localhost:3000/_next/static/chunks/0z6o_next_dist_compiled_0_huknb._.js:2647:64)
[    6604ms] [ERROR] WebSocket connection to 'wss://uncommon-mule-646.convex.cloud/api/1.34.0/sync' failed:  @ http://localhost:3000/_next/static/chunks/0z6o_convex_dist_esm_0zgvmkv._.js:3223
[    6604ms] [ERROR] WebSocket connection to 'ws://localhost:3000/_next/webpack-hmr?id=ask3kye_cM4V8HAzocKl-' failed:  @ http://localhost:3000/_next/static/chunks/0z6o_next_dist_client_027f8lj._.js:13299
[    6604ms] [ERROR] WebSocket is already in CLOSING or CLOSED state. @ http://localhost:3000/_next/static/chunks/0z6o_next_dist_0hleq62._.js:2790
[    7607ms] [ERROR] WebSocket connection to 'ws://localhost:3000/_next/webpack-hmr?id=ask3kye_cM4V8HAzocKl-' failed: Error in connection establishment: net::ERR_CONNECTION_REFUSED @ http://localhost:3000/_next/static/chunks/0z6o_next_dist_client_027f8lj._.js:13299
[    7645ms] [ERROR] WebSocket is already in CLOSING or CLOSED state. @ http://localhost:3000/_next/static/chunks/0z6o_next_dist_0hleq62._.js:2790
[    8610ms] [ERROR] WebSocket connection to 'ws://localhost:3000/_next/webpack-hmr?id=ask3kye_cM4V8HAzocKl-' failed: Error in connection establishment: net::ERR_CONNECTION_REFUSED @ http://localhost:3000/_next/static/chunks/0z6o_next_dist_client_027f8lj._.js:13299
[    9613ms] [ERROR] WebSocket connection to 'ws://localhost:3000/_next/webpack-hmr?id=ask3kye_cM4V8HAzocKl-' failed: Error in connection establishment: net::ERR_CONNECTION_REFUSED @ http://localhost:3000/_next/static/chunks/0z6o_next_dist_client_027f8lj._.js:13299
[   10615ms] [ERROR] WebSocket connection to 'ws://localhost:3000/_next/webpack-hmr?id=ask3kye_cM4V8HAzocKl-' failed: Error in connection establishment: net::ERR_CONNECTION_REFUSED @ http://localhost:3000/_next/static/chunks/0z6o_next_dist_client_027f8lj._.js:13299
[   11616ms] [ERROR] WebSocket connection to 'ws://localhost:3000/_next/webpack-hmr?id=ask3kye_cM4V8HAzocKl-' failed: Error in connection establishment: net::ERR_CONNECTION_REFUSED @ http://localhost:3000/_next/static/chunks/0z6o_next_dist_client_027f8lj._.js:13299
[   16618ms] [ERROR] WebSocket connection to 'ws://localhost:3000/_next/webpack-hmr?id=ask3kye_cM4V8HAzocKl-' failed: Error in connection establishment: net::ERR_CONNECTION_REFUSED @ http://localhost:3000/_next/static/chunks/0z6o_next_dist_client_027f8lj._.js:13299
[   19114ms] [ERROR] Failed to load resource: net::ERR_CONNECTION_REFUSED @ http://localhost:3000/favicon.ico:0
[   21619ms] [ERROR] WebSocket connection to 'ws://localhost:3000/_next/webpack-hmr?id=ask3kye_cM4V8HAzocKl-' failed: Error in connection establishment: net::ERR_CONNECTION_REFUSED @ http://localhost:3000/_next/static/chunks/0z6o_next_dist_client_027f8lj._.js:13299
[   26623ms] [ERROR] WebSocket connection to 'ws://localhost:3000/_next/webpack-hmr?id=ask3kye_cM4V8HAzocKl-' failed: Error in connection establishment: net::ERR_CONNECTION_REFUSED @ http://localhost:3000/_next/static/chunks/0z6o_next_dist_client_027f8lj._.js:13299
[   33559ms] [WARNING] Clerk: Clerk has been loaded with development keys. Development instances have strict usage limits and should not be used when deploying your application to production. Learn more: https://clerk.com/docs/deployments/overview @ http://localhost:3000/_next/static/chunks/0z6o_next_dist_0hleq62._.js:2431
